<?xml version="1.0" encoding="UTF-8"?>
<testsuite name="com.example.AsdfLib.MyServiceTest" tests="1" skipped="0" failures="0" errors="0" timestamp="2022-07-01T09:02:31" hostname="PANCABUDI-IT" time="0.608">
  <properties/>
  <testcase name="contextLoads()" classname="com.example.AsdfLib.MyServiceTest" time="0.608"/>
  <system-out><![CDATA[16:02:29.657 [Test worker] DEBUG org.springframework.test.context.BootstrapUtils - Instantiating CacheAwareContextLoaderDelegate from class [org.springframework.test.context.cache.DefaultCacheAwareContextLoaderDelegate]
16:02:29.676 [Test worker] DEBUG org.springframework.test.context.BootstrapUtils - Instantiating BootstrapContext using constructor [public org.springframework.test.context.support.DefaultBootstrapContext(java.lang.Class,org.springframework.test.context.CacheAwareContextLoaderDelegate)]
16:02:29.732 [Test worker] DEBUG org.springframework.test.context.BootstrapUtils - Instantiating TestContextBootstrapper for test class [com.example.AsdfLib.MyServiceTest] from class [org.springframework.boot.test.context.SpringBootTestContextBootstrapper]
16:02:29.749 [Test worker] INFO org.springframework.boot.test.context.SpringBootTestContextBootstrapper - Neither @ContextConfiguration nor @ContextHierarchy found for test class [com.example.AsdfLib.MyServiceTest], using SpringBootContextLoader
16:02:29.756 [Test worker] DEBUG org.springframework.test.context.support.AbstractContextLoader - Did not detect default resource location for test class [com.example.AsdfLib.MyServiceTest]: class path resource [com/example/AsdfLib/MyServiceTest-context.xml] does not exist
16:02:29.756 [Test worker] DEBUG org.springframework.test.context.support.AbstractContextLoader - Did not detect default resource location for test class [com.example.AsdfLib.MyServiceTest]: class path resource [com/example/AsdfLib/MyServiceTestContext.groovy] does not exist
16:02:29.757 [Test worker] INFO org.springframework.test.context.support.AbstractContextLoader - Could not detect default resource locations for test class [com.example.AsdfLib.MyServiceTest]: no resource found for suffixes {-context.xml, Context.groovy}.
16:02:29.853 [Test worker] DEBUG org.springframework.test.context.support.ActiveProfilesUtils - Could not find an 'annotation declaring class' for annotation type [org.springframework.test.context.ActiveProfiles] and class [com.example.AsdfLib.MyServiceTest]
16:02:30.008 [Test worker] DEBUG org.springframework.boot.test.context.SpringBootTestContextBootstrapper - @TestExecutionListeners is not present for class [com.example.AsdfLib.MyServiceTest]: using defaults.
16:02:30.009 [Test worker] INFO org.springframework.boot.test.context.SpringBootTestContextBootstrapper - Loaded default TestExecutionListener class names from location [META-INF/spring.factories]: [org.springframework.boot.test.autoconfigure.restdocs.RestDocsTestExecutionListener, org.springframework.boot.test.autoconfigure.web.client.MockRestServiceServerResetTestExecutionListener, org.springframework.boot.test.autoconfigure.web.servlet.MockMvcPrintOnlyOnFailureTestExecutionListener, org.springframework.boot.test.autoconfigure.web.servlet.WebDriverTestExecutionListener, org.springframework.boot.test.autoconfigure.webservices.client.MockWebServiceServerTestExecutionListener, org.springframework.boot.test.mock.mockito.MockitoTestExecutionListener, org.springframework.boot.test.mock.mockito.ResetMocksTestExecutionListener, org.springframework.test.context.web.ServletTestExecutionListener, org.springframework.test.context.support.DirtiesContextBeforeModesTestExecutionListener, org.springframework.test.context.event.ApplicationEventsTestExecutionListener, org.springframework.test.context.support.DependencyInjectionTestExecutionListener, org.springframework.test.context.support.DirtiesContextTestExecutionListener, org.springframework.test.context.transaction.TransactionalTestExecutionListener, org.springframework.test.context.jdbc.SqlScriptsTestExecutionListener, org.springframework.test.context.event.EventPublishingTestExecutionListener]
16:02:30.020 [Test worker] DEBUG org.springframework.boot.test.context.SpringBootTestContextBootstrapper - Skipping candidate TestExecutionListener [org.springframework.test.context.web.ServletTestExecutionListener] due to a missing dependency. Specify custom listener classes or make the default listener classes and their required dependencies available. Offending class: [javax/servlet/ServletContext]
16:02:30.024 [Test worker] DEBUG org.springframework.boot.test.context.SpringBootTestContextBootstrapper - Skipping candidate TestExecutionListener [org.springframework.test.context.transaction.TransactionalTestExecutionListener] due to a missing dependency. Specify custom listener classes or make the default listener classes and their required dependencies available. Offending class: [org/springframework/transaction/interceptor/TransactionAttributeSource]
16:02:30.025 [Test worker] DEBUG org.springframework.boot.test.context.SpringBootTestContextBootstrapper - Skipping candidate TestExecutionListener [org.springframework.test.context.jdbc.SqlScriptsTestExecutionListener] due to a missing dependency. Specify custom listener classes or make the default listener classes and their required dependencies available. Offending class: [org/springframework/transaction/interceptor/TransactionAttribute]
16:02:30.026 [Test worker] INFO org.springframework.boot.test.context.SpringBootTestContextBootstrapper - Using TestExecutionListeners: [org.springframework.test.context.support.DirtiesContextBeforeModesTestExecutionListener@129b4fe2, org.springframework.test.context.event.ApplicationEventsTestExecutionListener@5af3a0f, org.springframework.boot.test.mock.mockito.MockitoTestExecutionListener@19ae6bb, org.springframework.boot.test.autoconfigure.SpringBootDependencyInjectionTestExecutionListener@10993713, org.springframework.test.context.support.DirtiesContextTestExecutionListener@58359ebd, org.springframework.test.context.event.EventPublishingTestExecutionListener@24b6b8f6, org.springframework.boot.test.autoconfigure.restdocs.RestDocsTestExecutionListener@72cf2de5, org.springframework.boot.test.autoconfigure.web.client.MockRestServiceServerResetTestExecutionListener@2bb7bd00, org.springframework.boot.test.autoconfigure.web.servlet.MockMvcPrintOnlyOnFailureTestExecutionListener@5f031ebd, org.springframework.boot.test.autoconfigure.web.servlet.WebDriverTestExecutionListener@4ee37ca3, org.springframework.boot.test.autoconfigure.webservices.client.MockWebServiceServerTestExecutionListener@45c8d09f, org.springframework.boot.test.mock.mockito.ResetMocksTestExecutionListener@53812a9b]
16:02:30.031 [Test worker] DEBUG org.springframework.test.context.support.AbstractDirtiesContextTestExecutionListener - Before test class: context [DefaultTestContext@60dce7ea testClass = MyServiceTest, testInstance = [null], testMethod = [null], testException = [null], mergedContextConfiguration = [MergedContextConfiguration@662f5666 testClass = MyServiceTest, locations = '{}', classes = '{class com.example.AsdfLib.MyServiceTest$TestConfiguration}', contextInitializerClasses = '[]', activeProfiles = '{}', propertySourceLocations = '{}', propertySourceProperties = '{service.message=Hello, org.springframework.boot.test.context.SpringBootTestContextBootstrapper=true}', contextCustomizers = set[org.springframework.boot.test.autoconfigure.actuate.metrics.MetricsExportContextCustomizerFactory$DisableMetricExportContextCustomizer@5a1de7fb, org.springframework.boot.test.autoconfigure.properties.PropertyMappingContextCustomizer@0, org.springframework.boot.test.autoconfigure.web.servlet.WebDriverContextCustomizerFactory$Customizer@2e1ef60, org.springframework.boot.test.context.filter.ExcludeFilterContextCustomizer@39655d3e, org.springframework.boot.test.json.DuplicateJsonObjectContextCustomizerFactory$DuplicateJsonObjectContextCustomizer@4b6e2263, org.springframework.boot.test.mock.mockito.MockitoContextCustomizer@0, org.springframework.boot.test.web.client.TestRestTemplateContextCustomizer@42bc14c1, org.springframework.boot.test.context.SpringBootTestArgs@1, org.springframework.boot.test.context.SpringBootTestWebEnvironment@770d3326], contextLoader = 'org.springframework.boot.test.context.SpringBootContextLoader', parent = [null]], attributes = map[[empty]]], class annotated with @DirtiesContext [false] with mode [null].
16:02:30.048 [Test worker] DEBUG org.springframework.test.context.support.DependencyInjectionTestExecutionListener - Performing dependency injection for test context [[DefaultTestContext@60dce7ea testClass = MyServiceTest, testInstance = com.example.AsdfLib.MyServiceTest@3f053c80, testMethod = [null], testException = [null], mergedContextConfiguration = [MergedContextConfiguration@662f5666 testClass = MyServiceTest, locations = '{}', classes = '{class com.example.AsdfLib.MyServiceTest$TestConfiguration}', contextInitializerClasses = '[]', activeProfiles = '{}', propertySourceLocations = '{}', propertySourceProperties = '{service.message=Hello, org.springframework.boot.test.context.SpringBootTestContextBootstrapper=true}', contextCustomizers = set[org.springframework.boot.test.autoconfigure.actuate.metrics.MetricsExportContextCustomizerFactory$DisableMetricExportContextCustomizer@5a1de7fb, org.springframework.boot.test.autoconfigure.properties.PropertyMappingContextCustomizer@0, org.springframework.boot.test.autoconfigure.web.servlet.WebDriverContextCustomizerFactory$Customizer@2e1ef60, org.springframework.boot.test.context.filter.ExcludeFilterContextCustomizer@39655d3e, org.springframework.boot.test.json.DuplicateJsonObjectContextCustomizerFactory$DuplicateJsonObjectContextCustomizer@4b6e2263, org.springframework.boot.test.mock.mockito.MockitoContextCustomizer@0, org.springframework.boot.test.web.client.TestRestTemplateContextCustomizer@42bc14c1, org.springframework.boot.test.context.SpringBootTestArgs@1, org.springframework.boot.test.context.SpringBootTestWebEnvironment@770d3326], contextLoader = 'org.springframework.boot.test.context.SpringBootContextLoader', parent = [null]], attributes = map['org.springframework.test.context.event.ApplicationEventsTestExecutionListener.recordApplicationEvents' -> false]]].

  .   ____          _            __ _ _
 /\\ / ___'_ __ _ _(_)_ __  __ _ \ \ \ \
( ( )\___ | '_ | '_| | '_ \/ _` | \ \ \ \
 \\/  ___)| |_)| | | | | || (_| |  ) ) ) )
  '  |____| .__|_| |_|_| |_\__, | / / / /
 =========|_|==============|___/=/_/_/_/
 :: Spring Boot ::                (v2.7.1)

2022-07-01 16:02:30.459  INFO 1440 --- [    Test worker] com.example.AsdfLib.MyServiceTest        : Starting MyServiceTest using Java 17.0.3 on Pancabudi-IT with PID 1440 (started by User in C:\AsdfLib)
2022-07-01 16:02:30.460  INFO 1440 --- [    Test worker] com.example.AsdfLib.MyServiceTest        : No active profile set, falling back to 1 default profile: "default"
2022-07-01 16:02:31.129  INFO 1440 --- [    Test worker] com.example.AsdfLib.MyServiceTest        : Started MyServiceTest in 1.03 seconds (JVM running for 2.394)
]]></system-out>
  <system-err><![CDATA[]]></system-err>
</testsuite>
